<?xml version="1.0" encoding="UTF-8"?>
<testsuite name="com.example.kbfinal.KbFinalApplicationTests" tests="1" skipped="0" failures="0" errors="0" timestamp="2024-07-14T09:25:59" hostname="iseonsuui-MacBookAir.local" time="0.855">
  <properties/>
  <testcase name="contextLoads()" classname="com.example.kbfinal.KbFinalApplicationTests" time="0.855"/>
  <system-out><![CDATA[18:25:51.921 [Test worker] INFO org.springframework.test.context.support.AnnotationConfigContextLoaderUtils -- Could not detect default configuration classes for test class [com.example.kbfinal.KbFinalApplicationTests]: KbFinalApplicationTests does not declare any static, non-private, non-final, nested classes annotated with @Configuration.
18:25:52.068 [Test worker] INFO org.springframework.boot.test.context.SpringBootTestContextBootstrapper -- Found @SpringBootConfiguration com.example.kbfinal.KbFinalApplication for test class com.example.kbfinal.KbFinalApplicationTests

  .   ____          _            __ _ _
 /\\ / ___'_ __ _ _(_)_ __  __ _ \ \ \ \
( ( )\___ | '_ | '_| | '_ \/ _` | \ \ \ \
 \\/  ___)| |_)| | | | | || (_| |  ) ) ) )
  '  |____| .__|_| |_|_| |_\__, | / / / /
 =========|_|==============|___/=/_/_/_/

 :: Spring Boot ::                (v3.3.1)

2024-07-14T18:25:52.603+09:00  INFO 77341 --- [kbFinal] [    Test worker] c.e.kbfinal.KbFinalApplicationTests      : Starting KbFinalApplicationTests using Java 17.0.6 with PID 77341 (started by comzac in /Users/comzac/Documents/fastcampus_final/kbFiinal)
2024-07-14T18:25:52.606+09:00  INFO 77341 --- [kbFinal] [    Test worker] c.e.kbfinal.KbFinalApplicationTests      : No active profile set, falling back to 1 default profile: "default"
2024-07-14T18:25:53.917+09:00  INFO 77341 --- [kbFinal] [    Test worker] .s.d.r.c.RepositoryConfigurationDelegate : Bootstrapping Spring Data JPA repositories in DEFAULT mode.
2024-07-14T18:25:54.057+09:00  INFO 77341 --- [kbFinal] [    Test worker] .s.d.r.c.RepositoryConfigurationDelegate : Finished Spring Data repository scanning in 132 ms. Found 1 JPA repository interface.
2024-07-14T18:25:54.957+09:00  INFO 77341 --- [kbFinal] [    Test worker] o.hibernate.jpa.internal.util.LogHelper  : HHH000204: Processing PersistenceUnitInfo [name: default]
2024-07-14T18:25:55.003+09:00  INFO 77341 --- [kbFinal] [    Test worker] org.hibernate.Version                    : HHH000412: Hibernate ORM core version 6.5.2.Final
2024-07-14T18:25:55.044+09:00  INFO 77341 --- [kbFinal] [    Test worker] o.h.c.internal.RegionFactoryInitiator    : HHH000026: Second-level cache disabled
2024-07-14T18:25:55.371+09:00  INFO 77341 --- [kbFinal] [    Test worker] o.s.o.j.p.SpringPersistenceUnitInfo      : No LoadTimeWeaver setup: ignoring JPA class transformer
2024-07-14T18:25:55.410+09:00  INFO 77341 --- [kbFinal] [    Test worker] com.zaxxer.hikari.HikariDataSource       : HikariPool-1 - Starting...
2024-07-14T18:25:55.560+09:00  INFO 77341 --- [kbFinal] [    Test worker] com.zaxxer.hikari.pool.HikariPool        : HikariPool-1 - Added connection conn0: url=jdbc:h2:mem:testdb user=SA
2024-07-14T18:25:55.562+09:00  INFO 77341 --- [kbFinal] [    Test worker] com.zaxxer.hikari.HikariDataSource       : HikariPool-1 - Start completed.
2024-07-14T18:25:55.585+09:00  WARN 77341 --- [kbFinal] [    Test worker] org.hibernate.orm.deprecation            : HHH90000025: H2Dialect does not need to be specified explicitly using 'hibernate.dialect' (remove the property setting and it will be selected by default)
2024-07-14T18:25:56.359+09:00  INFO 77341 --- [kbFinal] [    Test worker] o.h.e.t.j.p.i.JtaPlatformInitiator       : HHH000489: No JTA platform available (set 'hibernate.transaction.jta.platform' to enable JTA platform integration)
Hibernate: create table users (id bigint generated by default as identity, email varchar(255), password varchar(255), username varchar(255), primary key (id))
2024-07-14T18:25:56.417+09:00  INFO 77341 --- [kbFinal] [    Test worker] j.LocalContainerEntityManagerFactoryBean : Initialized JPA EntityManagerFactory for persistence unit 'default'
2024-07-14T18:25:57.320+09:00  WARN 77341 --- [kbFinal] [    Test worker] JpaBaseConfiguration$JpaWebConfiguration : spring.jpa.open-in-view is enabled by default. Therefore, database queries may be performed during view rendering. Explicitly configure spring.jpa.open-in-view to disable this warning
2024-07-14T18:25:59.443+09:00  INFO 77341 --- [kbFinal] [    Test worker] o.s.b.a.h2.H2ConsoleAutoConfiguration    : H2 console available at '/h2-console'. Database available at 'jdbc:h2:mem:testdb'
2024-07-14T18:25:59.669+09:00  WARN 77341 --- [kbFinal] [    Test worker] .s.s.UserDetailsServiceAutoConfiguration : 

Using generated security password: 75c4acc4-d6ec-4290-a03b-e658b591426d

This generated password is for development use only. Your security configuration must be updated before running your application in production.

2024-07-14T18:25:59.680+09:00  INFO 77341 --- [kbFinal] [    Test worker] r$InitializeUserDetailsManagerConfigurer : Global AuthenticationManager configured with UserDetailsService bean with name inMemoryUserDetailsManager
2024-07-14T18:25:59.897+09:00  INFO 77341 --- [kbFinal] [    Test worker] c.e.kbfinal.KbFinalApplicationTests      : Started KbFinalApplicationTests in 7.638 seconds (process running for 9.111)
]]></system-out>
  <system-err><![CDATA[]]></system-err>
</testsuite>
